<?xml version="1.0" encoding="UTF-8"?>
<!-- Generated by org.testng.reporters.JUnitReportReporter -->
<testsuite hostname="OURHOME3" failures="0" tests="3" name="SeleniumTestPackage.DataDrivenLoginTest" time="23.468" errors="0" timestamp="2020-10-04T15:06:18 EDT" skipped="0">
  <testcase classname="SeleniumTestPackage.DataDrivenLoginTest" name="yahooSignUp" time="6.883"/>
  <system-out/>
  <testcase classname="SeleniumTestPackage.DataDrivenLoginTest" name="yahooSignUp" time="6.943"/>
  <system-out/>
  <testcase classname="SeleniumTestPackage.DataDrivenLoginTest" name="yahooSignUp" time="9.642"/>
  <system-out/>
</testsuite> <!-- SeleniumTestPackage.DataDrivenLoginTest -->
