<?xml version="1.0" encoding="UTF-8"?>
<!-- Generated by org.testng.reporters.JUnitReportReporter -->
<testsuite hostname="OURHOME3" failures="0" tests="3" name="SeleniumTestPackage.DataDrivenLoginTest" time="40.607" errors="0" timestamp="2020-10-04T18:02:58 EDT" skipped="0">
  <testcase classname="SeleniumTestPackage.DataDrivenLoginTest" name="yahooSignUp" time="25.406"/>
  <system-out/>
  <testcase classname="SeleniumTestPackage.DataDrivenLoginTest" name="yahooSignUp" time="7.645"/>
  <system-out/>
  <testcase classname="SeleniumTestPackage.DataDrivenLoginTest" name="yahooSignUp" time="7.556"/>
  <system-out/>
</testsuite> <!-- SeleniumTestPackage.DataDrivenLoginTest -->
